#0 building with "desktop-linux" instance using docker driver

#1 [internal] load build definition from Dockerfile
#1 transferring dockerfile: 950B 0.0s done
#1 DONE 0.1s

#2 [internal] load metadata for docker.io/library/node:20-alpine
#2 ...

#3 [auth] library/node:pull token for registry-1.docker.io
#3 DONE 0.0s

#2 [internal] load metadata for docker.io/library/node:20-alpine
#2 DONE 1.9s

#4 [internal] load .dockerignore
#4 transferring context: 172B done
#4 DONE 0.1s

#5 [internal] load build context
#5 DONE 0.0s

#6 [base 1/2] FROM docker.io/library/node:20-alpine@sha256:6178e78b972f79c335df281f4b7674a2d85071aae2af020ffa39f0a770265435
#6 resolve docker.io/library/node:20-alpine@sha256:6178e78b972f79c335df281f4b7674a2d85071aae2af020ffa39f0a770265435 0.0s done
#6 ...

#5 [internal] load build context
#5 transferring context: 57.28kB 0.0s done
#5 DONE 0.1s

#6 [base 1/2] FROM docker.io/library/node:20-alpine@sha256:6178e78b972f79c335df281f4b7674a2d85071aae2af020ffa39f0a770265435
#6 sha256:6178e78b972f79c335df281f4b7674a2d85071aae2af020ffa39f0a770265435 7.67kB / 7.67kB done
#6 sha256:be8d32d651b3e0c9c2b28fdc1d3888408125d703232013cff955344d052027e5 1.72kB / 1.72kB done
#6 sha256:2b56f2779663b9e1a77bdb5235dc31f1a81e534ccab1c1b35c716a8db79eeab9 6.42kB / 6.42kB done
#6 sha256:60e45a9660cfaebbbac9bba98180aa28b3966b7f2462d132c46f51a1f5b25a64 0B / 42.75MB 0.2s
#6 sha256:e74e4ed823e9560b3fe51c0cab47dbfdfc4b12453604319408ec58708fb9e720 0B / 1.26MB 0.2s
#6 sha256:da04d522c98fe12816b2bcddf8413fca73645f8fa60f287c672f58bcc7f0fa38 0B / 444B 0.2s
#6 sha256:60e45a9660cfaebbbac9bba98180aa28b3966b7f2462d132c46f51a1f5b25a64 3.15MB / 42.75MB 0.8s
#6 sha256:e74e4ed823e9560b3fe51c0cab47dbfdfc4b12453604319408ec58708fb9e720 1.05MB / 1.26MB 0.8s
#6 sha256:da04d522c98fe12816b2bcddf8413fca73645f8fa60f287c672f58bcc7f0fa38 444B / 444B 0.7s done
#6 sha256:e74e4ed823e9560b3fe51c0cab47dbfdfc4b12453604319408ec58708fb9e720 1.26MB / 1.26MB 0.8s done
#6 sha256:60e45a9660cfaebbbac9bba98180aa28b3966b7f2462d132c46f51a1f5b25a64 6.29MB / 42.75MB 1.2s
#6 sha256:60e45a9660cfaebbbac9bba98180aa28b3966b7f2462d132c46f51a1f5b25a64 9.44MB / 42.75MB 1.6s
#6 sha256:60e45a9660cfaebbbac9bba98180aa28b3966b7f2462d132c46f51a1f5b25a64 12.58MB / 42.75MB 1.9s
#6 sha256:60e45a9660cfaebbbac9bba98180aa28b3966b7f2462d132c46f51a1f5b25a64 15.73MB / 42.75MB 2.2s
#6 sha256:60e45a9660cfaebbbac9bba98180aa28b3966b7f2462d132c46f51a1f5b25a64 19.92MB / 42.75MB 2.8s
#6 sha256:60e45a9660cfaebbbac9bba98180aa28b3966b7f2462d132c46f51a1f5b25a64 23.07MB / 42.75MB 3.2s
#6 sha256:60e45a9660cfaebbbac9bba98180aa28b3966b7f2462d132c46f51a1f5b25a64 26.21MB / 42.75MB 3.8s
#6 sha256:60e45a9660cfaebbbac9bba98180aa28b3966b7f2462d132c46f51a1f5b25a64 29.36MB / 42.75MB 4.3s
#6 sha256:60e45a9660cfaebbbac9bba98180aa28b3966b7f2462d132c46f51a1f5b25a64 32.51MB / 42.75MB 4.6s
#6 sha256:60e45a9660cfaebbbac9bba98180aa28b3966b7f2462d132c46f51a1f5b25a64 36.70MB / 42.75MB 5.3s
#6 sha256:60e45a9660cfaebbbac9bba98180aa28b3966b7f2462d132c46f51a1f5b25a64 39.85MB / 42.75MB 5.6s
#6 sha256:60e45a9660cfaebbbac9bba98180aa28b3966b7f2462d132c46f51a1f5b25a64 42.75MB / 42.75MB 6.3s
#6 sha256:60e45a9660cfaebbbac9bba98180aa28b3966b7f2462d132c46f51a1f5b25a64 42.75MB / 42.75MB 6.9s done
#6 extracting sha256:60e45a9660cfaebbbac9bba98180aa28b3966b7f2462d132c46f51a1f5b25a64 0.1s
#6 extracting sha256:60e45a9660cfaebbbac9bba98180aa28b3966b7f2462d132c46f51a1f5b25a64 5.2s
#6 extracting sha256:60e45a9660cfaebbbac9bba98180aa28b3966b7f2462d132c46f51a1f5b25a64 5.6s done
#6 extracting sha256:e74e4ed823e9560b3fe51c0cab47dbfdfc4b12453604319408ec58708fb9e720
#6 extracting sha256:e74e4ed823e9560b3fe51c0cab47dbfdfc4b12453604319408ec58708fb9e720 0.1s done
#6 extracting sha256:da04d522c98fe12816b2bcddf8413fca73645f8fa60f287c672f58bcc7f0fa38
#6 extracting sha256:da04d522c98fe12816b2bcddf8413fca73645f8fa60f287c672f58bcc7f0fa38 done
#6 DONE 13.5s

#7 [base 2/2] RUN corepack enable && corepack prepare pnpm@9.0.0 --activate
#7 4.147 Preparing pnpm@9.0.0 for immediate activation...
#7 DONE 8.7s

#8 [deps 1/3] WORKDIR /app
#8 DONE 0.1s

#9 [runner 2/6] RUN addgroup --system --gid 1001 nodejs
#9 ...

#10 [deps 2/3] COPY package.json pnpm-lock.yaml* ./
#10 DONE 0.2s

#11 [deps 3/3] RUN pnpm install --frozen-lockfile
#11 ...

#9 [runner 2/6] RUN addgroup --system --gid 1001 nodejs
#9 DONE 0.5s

#12 [runner 3/6] RUN adduser --system --uid 1001 nextjs
#12 ...

#11 [deps 3/3] RUN pnpm install --frozen-lockfile
#11 2.125 Lockfile is up to date, resolution step is skipped
#11 2.218 Progress: resolved 1, reused 0, downloaded 0, added 0
#11 2.883 Packages: +33
#11 2.883 +++++++++++++++++++++++++++++++++
#11 3.220 Progress: resolved 33, reused 0, downloaded 0, added 0
#11 3.434 
#11 3.434    ╭───────────────────────────────────────────────────────────────────╮
#11 3.434    │                                                                   │
#11 3.434    │                Update available! 9.0.0 → 10.19.0.                 │
#11 3.434    │   Changelog: https://github.com/pnpm/pnpm/releases/tag/v10.19.0   │
#11 3.434    │     Run "corepack prepare pnpm@10.19.0 --activate" to update.     │
#11 3.434    │                                                                   │
#11 3.434    │      Follow @pnpmjs for updates: https://twitter.com/pnpmjs       │
#11 3.434    │                                                                   │
#11 3.434    ╰───────────────────────────────────────────────────────────────────╯
#11 3.434 
#11 4.363 Progress: resolved 33, reused 0, downloaded 2, added 1
#11 6.027 Progress: resolved 33, reused 0, downloaded 4, added 1
#11 ...

#12 [runner 3/6] RUN adduser --system --uid 1001 nextjs
#12 DONE 6.2s

#11 [deps 3/3] RUN pnpm install --frozen-lockfile
#11 7.051 Progress: resolved 33, reused 0, downloaded 5, added 1
#11 8.068 Progress: resolved 33, reused 0, downloaded 7, added 1
#11 9.093 Progress: resolved 33, reused 0, downloaded 10, added 1
#11 10.15 Progress: resolved 33, reused 0, downloaded 12, added 2
#11 12.36 Progress: resolved 33, reused 0, downloaded 13, added 2
#11 13.51 Progress: resolved 33, reused 0, downloaded 14, added 3
#11 14.54 Progress: resolved 33, reused 0, downloaded 14, added 4
#11 15.59 Progress: resolved 33, reused 0, downloaded 16, added 7
#11 18.31 Progress: resolved 33, reused 0, downloaded 18, added 10
#11 19.44 Progress: resolved 33, reused 0, downloaded 20, added 10
#11 20.75 Progress: resolved 33, reused 0, downloaded 26, added 14
#11 23.03 Progress: resolved 33, reused 0, downloaded 26, added 16
#11 24.32 Progress: resolved 33, reused 0, downloaded 28, added 18
#11 25.33 Progress: resolved 33, reused 0, downloaded 28, added 19
#11 26.34 Progress: resolved 33, reused 0, downloaded 28, added 25
#11 28.60 Progress: resolved 33, reused 0, downloaded 29, added 25
#11 29.60 Progress: resolved 33, reused 0, downloaded 30, added 28
#11 30.61 Progress: resolved 33, reused 0, downloaded 30, added 29
#11 41.39 Progress: resolved 33, reused 0, downloaded 31, added 29
#11 42.39 Progress: resolved 33, reused 0, downloaded 32, added 32
#11 52.69 Progress: resolved 33, reused 0, downloaded 33, added 32
#11 53.71 Progress: resolved 33, reused 0, downloaded 33, added 33
#11 53.71 Progress: resolved 33, reused 0, downloaded 33, added 33, done
#11 53.82 .../sharp@0.34.4/node_modules/sharp install$ node install/check.js
#11 56.46 .../sharp@0.34.4/node_modules/sharp install: Done
#11 56.95 
#11 56.95 dependencies:
#11 56.95 + next 15.5.6
#11 56.95 + react 18.3.1
#11 56.95 + react-dom 18.3.1
#11 56.95 
#11 56.95 devDependencies:
#11 56.95 + @types/node 20.19.23
#11 56.95 + @types/react 18.3.26
#11 56.95 + @types/react-dom 18.3.7
#11 56.95 + typescript 5.9.3
#11 56.95 
#11 57.09 Done in 56.3s
#11 DONE 58.0s

#13 [builder 2/4] COPY --from=deps /app/node_modules ./node_modules
#13 DONE 14.2s

#14 [builder 3/4] COPY . .
#14 DONE 0.2s

#15 [builder 4/4] RUN pnpm build
#15 2.919 
#15 2.919 > crm-frontend@0.1.0 build /app
#15 2.919 > next build
#15 2.919 
#15 5.403 Attention: Next.js now collects completely anonymous telemetry regarding usage.
#15 5.404 This information is used to shape Next.js' roadmap and prioritize features.
#15 5.404 You can learn more, including how to opt-out if you'd not like to participate in this anonymous program, by visiting the following URL:
#15 5.404 https://nextjs.org/telemetry
#15 5.404 
#15 5.608    ▲ Next.js 15.5.6
#15 5.608 
#15 5.794    Creating an optimized production build ...
#15 36.59  ✓ Compiled successfully in 23.3s
#15 36.60    Linting and checking validity of types ...
#15 36.88  ⨯ ESLint must be installed in order to run during builds: pnpm install --save-dev eslint
#15 46.54    Collecting page data ...
#15 52.35    Generating static pages (0/6) ...
#15 55.99    Generating static pages (1/6) 
#15 55.99    Generating static pages (2/6) 
#15 55.99    Generating static pages (4/6) 
#15 55.99  ✓ Generating static pages (6/6)
#15 57.30    Finalizing page optimization ...
#15 57.30    Collecting build traces ...
#15 105.4 
#15 105.4 Route (app)                                 Size  First Load JS
#15 105.4 ┌ ○ /                                      127 B         102 kB
#15 105.4 ├ ○ /_not-found                            996 B         103 kB
#15 105.4 ├ ○ /dashboard                            1.3 kB         103 kB
#15 105.4 └ ○ /login                               1.76 kB         104 kB
#15 105.4 + First Load JS shared by all             102 kB
#15 105.4   ├ chunks/52354350-b97add9366503fa8.js  54.2 kB
#15 105.4   ├ chunks/996-05b7de92418afb81.js       45.8 kB
#15 105.4   └ other shared chunks (total)           1.9 kB
#15 105.4 
#15 105.4 
#15 105.4 ○  (Static)  prerendered as static content
#15 105.4 
#15 DONE 105.6s

#16 [runner 4/6] COPY --from=builder /app/public ./public
#16 DONE 0.2s

#17 [runner 5/6] COPY --from=builder --chown=nextjs:nodejs /app/.next/standalone ./
#17 DONE 1.1s

#18 [runner 6/6] COPY --from=builder --chown=nextjs:nodejs /app/.next/static ./.next/static
#18 DONE 0.2s

#19 exporting to image
#19 exporting layers
#19 exporting layers 1.1s done
#19 writing image sha256:200714e4f86bc2cf9990e2b9251e35b0af8ceed0e687bb9a24cbc3ed9ee0145c done
#19 naming to docker.io/library/crm-frontend:latest 0.0s done
#19 naming to docker.io/library/crm-frontend:1.0.0 0.0s done
#19 DONE 1.2s

View build details: docker-desktop://dashboard/build/desktop-linux/desktop-linux/xp15pn49z1yt6s8s26hwyt1nk
