 Network infra_infra  Creating
 Network infra_infra  Created
 Container crm-postgres  Creating
 Container crm-consul  Creating
 Container crm-redis  Creating
 Container crm-rabbitmq  Creating
 Container crm-consul  Created
 Container crm-rabbitmq  Created
 Container crm-redis  Created
 Container crm-postgres  Created
 Container crm-backup  Creating
 Container crm-pgadmin  Creating
 Container crm-pgadmin  Created
 Container crm-backup  Created
 Container crm-consul  Starting
 Container crm-redis  Starting
 Container crm-postgres  Starting
 Container crm-rabbitmq  Starting
 Container crm-postgres  Started
 Container crm-postgres  Waiting
 Container crm-consul  Started
 Container crm-redis  Started
 Container crm-rabbitmq  Started
 Container crm-postgres  Waiting
 Container crm-rabbitmq  Waiting
 Container crm-postgres  Healthy
 Container crm-postgres  Healthy
 Container crm-pgadmin  Starting
 Container crm-pgadmin  Started
 Container crm-rabbitmq  Healthy
 Container crm-backup  Starting
 Container crm-backup  Started
