 Container crm-consul  Running
 Container crm-rabbitmq  Running
 Container crm-redis  Running
 Container crm-postgres  Running
 Container crm-tasks  Running
 Container crm-auth  Running
 Container crm-documents  Recreate
 Container crm-crm  Recreate
 Container crm-documents  Recreated
 Container crm-crm  Recreated
 Container crm-gateway  Running
 Container crm-postgres  Waiting
 Container crm-postgres  Waiting
 Container crm-rabbitmq  Waiting
 Container crm-postgres  Waiting
 Container crm-redis  Waiting
 Container crm-postgres  Waiting
 Container crm-redis  Waiting
 Container crm-rabbitmq  Waiting
 Container crm-redis  Waiting
 Container crm-redis  Waiting
 Container crm-rabbitmq  Waiting
 Container crm-postgres  Waiting
 Container crm-redis  Waiting
 Container crm-redis  Healthy
 Container crm-postgres  Healthy
 Container crm-postgres  Healthy
 Container crm-rabbitmq  Healthy
 Container crm-redis  Healthy
 Container crm-redis  Healthy
 Container crm-postgres  Healthy
 Container crm-rabbitmq  Healthy
 Container crm-redis  Healthy
 Container crm-documents  Starting
 Container crm-postgres  Healthy
 Container crm-postgres  Healthy
 Container crm-redis  Healthy
 Container crm-crm  Starting
 Container crm-rabbitmq  Healthy
 Container crm-notifications  Starting
 Container crm-notifications  Started
 Container crm-documents  Started
 Container crm-crm  Started
 Container crm-notifications  Waiting
 Container crm-redis  Waiting
 Container crm-consul  Waiting
 Container crm-crm  Waiting
 Container crm-auth  Waiting
 Container crm-redis  Healthy
 Container crm-notifications  Error
 Container crm-consul  Healthy
 Container crm-auth  Healthy
 Container crm-crm  Healthy
dependency failed to start: container crm-notifications is unhealthy
