[migrate-local] РџСЂРёРјРµРЅСЏРµРј РјРёРіСЂР°С†РёРё CRM (Alembic)...
Traceback (most recent call last):
  File "<frozen runpy>", line 198, in _run_module_as_main
  File "<frozen runpy>", line 88, in _run_code
  File "C:\Users\Володенька\AppData\Local\pypoetry\Cache\virtualenvs\crm-deals-TZI15TT5-py3.12\Scripts\alembic.exe\__main__.py", line 7, in <module>
  File "C:\Users\Володенька\AppData\Local\pypoetry\Cache\virtualenvs\crm-deals-TZI15TT5-py3.12\Lib\site-packages\alembic\config.py", line 1022, in main
    CommandLine(prog=prog).main(argv=argv)
  File "C:\Users\Володенька\AppData\Local\pypoetry\Cache\virtualenvs\crm-deals-TZI15TT5-py3.12\Lib\site-packages\alembic\config.py", line 1012, in main
    self.run_cmd(cfg, options)
  File "C:\Users\Володенька\AppData\Local\pypoetry\Cache\virtualenvs\crm-deals-TZI15TT5-py3.12\Lib\site-packages\alembic\config.py", line 946, in run_cmd
    fn(
  File "C:\Users\Володенька\AppData\Local\pypoetry\Cache\virtualenvs\crm-deals-TZI15TT5-py3.12\Lib\site-packages\alembic\command.py", line 483, in upgrade
    script.run_env()
  File "C:\Users\Володенька\AppData\Local\pypoetry\Cache\virtualenvs\crm-deals-TZI15TT5-py3.12\Lib\site-packages\alembic\script\base.py", line 545, in run_env
    util.load_python_file(self.dir, "env.py")
  File "C:\Users\Володенька\AppData\Local\pypoetry\Cache\virtualenvs\crm-deals-TZI15TT5-py3.12\Lib\site-packages\alembic\util\pyfiles.py", line 116, in load_python_file
    module = load_module_py(module_id, path)
             ^^^^^^^^^^^^^^^^^^^^^^^^^^^^^^^
  File "C:\Users\Володенька\AppData\Local\pypoetry\Cache\virtualenvs\crm-deals-TZI15TT5-py3.12\Lib\site-packages\alembic\util\pyfiles.py", line 136, in load_module_py
    spec.loader.exec_module(module)  # type: ignore
    ^^^^^^^^^^^^^^^^^^^^^^^^^^^^^^^
  File "<frozen importlib._bootstrap_external>", line 995, in exec_module
  File "<frozen importlib._bootstrap>", line 488, in _call_with_frames_removed
  File "C:\Dev\CRM_2.0\backend\crm\migrations\env.py", line 59, in <module>
    run_migrations_online()
  File "C:\Dev\CRM_2.0\backend\crm\migrations\env.py", line 43, in run_migrations_online
    asyncio.run(do_run_migrations())
  File "C:\Program Files\Python312\Lib\asyncio\runners.py", line 194, in run
    return runner.run(main)
           ^^^^^^^^^^^^^^^^
  File "C:\Program Files\Python312\Lib\asyncio\runners.py", line 118, in run
    return self._loop.run_until_complete(task)
           ^^^^^^^^^^^^^^^^^^^^^^^^^^^^^^^^^^^
  File "C:\Program Files\Python312\Lib\asyncio\base_events.py", line 685, in run_until_complete
    return future.result()
           ^^^^^^^^^^^^^^^
  File "C:\Dev\CRM_2.0\backend\crm\migrations\env.py", line 39, in do_run_migrations
    async with connectable.connect() as connection:
  File "C:\Users\Володенька\AppData\Local\pypoetry\Cache\virtualenvs\crm-deals-TZI15TT5-py3.12\Lib\site-packages\sqlalchemy\ext\asyncio\base.py", line 121, in __aenter__
    return await self.start(is_ctxmanager=True)
           ^^^^^^^^^^^^^^^^^^^^^^^^^^^^^^^^^^^^
  File "C:\Users\Володенька\AppData\Local\pypoetry\Cache\virtualenvs\crm-deals-TZI15TT5-py3.12\Lib\site-packages\sqlalchemy\ext\asyncio\engine.py", line 275, in start
    await greenlet_spawn(self.sync_engine.connect)
  File "C:\Users\Володенька\AppData\Local\pypoetry\Cache\virtualenvs\crm-deals-TZI15TT5-py3.12\Lib\site-packages\sqlalchemy\util\_concurrency_py3k.py", line 190, in greenlet_spawn
    result = context.switch(*args, **kwargs)
             ^^^^^^^^^^^^^^^^^^^^^^^^^^^^^^^
  File "C:\Users\Володенька\AppData\Local\pypoetry\Cache\virtualenvs\crm-deals-TZI15TT5-py3.12\Lib\site-packages\sqlalchemy\engine\base.py", line 3277, in connect
    return self._connection_cls(self)
           ^^^^^^^^^^^^^^^^^^^^^^^^^^
  File "C:\Users\Володенька\AppData\Local\pypoetry\Cache\virtualenvs\crm-deals-TZI15TT5-py3.12\Lib\site-packages\sqlalchemy\engine\base.py", line 143, in __init__
    self._dbapi_connection = engine.raw_connection()
                             ^^^^^^^^^^^^^^^^^^^^^^^
  File "C:\Users\Володенька\AppData\Local\pypoetry\Cache\virtualenvs\crm-deals-TZI15TT5-py3.12\Lib\site-packages\sqlalchemy\engine\base.py", line 3301, in raw_connection
    return self.pool.connect()
           ^^^^^^^^^^^^^^^^^^^
  File "C:\Users\Володенька\AppData\Local\pypoetry\Cache\virtualenvs\crm-deals-TZI15TT5-py3.12\Lib\site-packages\sqlalchemy\pool\base.py", line 447, in connect
    return _ConnectionFairy._checkout(self)
           ^^^^^^^^^^^^^^^^^^^^^^^^^^^^^^^^
  File "C:\Users\Володенька\AppData\Local\pypoetry\Cache\virtualenvs\crm-deals-TZI15TT5-py3.12\Lib\site-packages\sqlalchemy\pool\base.py", line 1264, in _checkout
    fairy = _ConnectionRecord.checkout(pool)
            ^^^^^^^^^^^^^^^^^^^^^^^^^^^^^^^^
  File "C:\Users\Володенька\AppData\Local\pypoetry\Cache\virtualenvs\crm-deals-TZI15TT5-py3.12\Lib\site-packages\sqlalchemy\pool\base.py", line 711, in checkout
    rec = pool._do_get()
          ^^^^^^^^^^^^^^
  File "C:\Users\Володенька\AppData\Local\pypoetry\Cache\virtualenvs\crm-deals-TZI15TT5-py3.12\Lib\site-packages\sqlalchemy\pool\impl.py", line 306, in _do_get
    return self._create_connection()
           ^^^^^^^^^^^^^^^^^^^^^^^^^
  File "C:\Users\Володенька\AppData\Local\pypoetry\Cache\virtualenvs\crm-deals-TZI15TT5-py3.12\Lib\site-packages\sqlalchemy\pool\base.py", line 388, in _create_connection
    return _ConnectionRecord(self)
           ^^^^^^^^^^^^^^^^^^^^^^^
  File "C:\Users\Володенька\AppData\Local\pypoetry\Cache\virtualenvs\crm-deals-TZI15TT5-py3.12\Lib\site-packages\sqlalchemy\pool\base.py", line 673, in __init__
    self.__connect()
  File "C:\Users\Володенька\AppData\Local\pypoetry\Cache\virtualenvs\crm-deals-TZI15TT5-py3.12\Lib\site-packages\sqlalchemy\pool\base.py", line 899, in __connect
    with util.safe_reraise():
  File "C:\Users\Володенька\AppData\Local\pypoetry\Cache\virtualenvs\crm-deals-TZI15TT5-py3.12\Lib\site-packages\sqlalchemy\util\langhelpers.py", line 224, in __exit__
    raise exc_value.with_traceback(exc_tb)
  File "C:\Users\Володенька\AppData\Local\pypoetry\Cache\virtualenvs\crm-deals-TZI15TT5-py3.12\Lib\site-packages\sqlalchemy\pool\base.py", line 895, in __connect
    self.dbapi_connection = connection = pool._invoke_creator(self)
                                         ^^^^^^^^^^^^^^^^^^^^^^^^^^
  File "C:\Users\Володенька\AppData\Local\pypoetry\Cache\virtualenvs\crm-deals-TZI15TT5-py3.12\Lib\site-packages\sqlalchemy\engine\create.py", line 661, in connect
    return dialect.connect(*cargs, **cparams)
           ^^^^^^^^^^^^^^^^^^^^^^^^^^^^^^^^^^
  File "C:\Users\Володенька\AppData\Local\pypoetry\Cache\virtualenvs\crm-deals-TZI15TT5-py3.12\Lib\site-packages\sqlalchemy\engine\default.py", line 629, in connect
    return self.loaded_dbapi.connect(*cargs, **cparams)  # type: ignore[no-any-return]  # NOQA: E501
           ^^^^^^^^^^^^^^^^^^^^^^^^^^^^^^^^^^^^^^^^^^^^
  File "C:\Users\Володенька\AppData\Local\pypoetry\Cache\virtualenvs\crm-deals-TZI15TT5-py3.12\Lib\site-packages\sqlalchemy\dialects\postgresql\asyncpg.py", line 955, in connect
    await_only(creator_fn(*arg, **kw)),
               ^^^^^^^^^^^^^^^^^^^^^^
TypeError: connect() got an unexpected keyword argument 'search_path'
