 Volume "infra_consul_data"  Creating
 Volume "infra_consul_data"  Created
 Volume "infra_postgres_data"  Creating
 Volume "infra_postgres_data"  Created
 Volume "infra_pgadmin_data"  Creating
 Volume "infra_pgadmin_data"  Created
 Volume "infra_rabbitmq_data"  Creating
 Volume "infra_rabbitmq_data"  Created
 Volume "infra_redis_data"  Creating
 Volume "infra_redis_data"  Created
 Container crm-postgres  Creating
 Container crm-rabbitmq  Creating
 Container crm-redis  Creating
 Container crm-consul  Creating
 Container crm-consul  Created
 Container crm-postgres  Created
 Container crm-rabbitmq  Created
 Container crm-backup  Creating
 Container crm-pgadmin  Creating
 Container crm-redis  Created
 Container crm-pgadmin  Created
 Container crm-backup  Created
 Container crm-rabbitmq  Starting
 Container crm-redis  Starting
 Container crm-consul  Starting
 Container crm-postgres  Starting
 Container crm-rabbitmq  Started
 Container crm-redis  Started
 Container crm-consul  Started
 Container crm-postgres  Started
 Container crm-rabbitmq  Waiting
 Container crm-postgres  Waiting
 Container crm-postgres  Waiting
 Container crm-postgres  Healthy
 Container crm-postgres  Healthy
 Container crm-pgadmin  Starting
 Container crm-pgadmin  Started
 Container crm-rabbitmq  Healthy
 Container crm-backup  Starting
 Container crm-backup  Started
