 Container crm-postgres  Running
 Container crm-consul  Running
 Container crm-redis  Running
 Container crm-rabbitmq  Running
 Container crm-auth  Running
 Container crm-postgres  Waiting
 Container crm-rabbitmq  Waiting
 Container crm-redis  Waiting
 Container crm-postgres  Waiting
 Container crm-redis  Waiting
 Container crm-postgres  Waiting
 Container crm-postgres  Waiting
 Container crm-redis  Waiting
 Container crm-postgres  Waiting
 Container crm-redis  Waiting
 Container crm-redis  Waiting
 Container crm-rabbitmq  Waiting
 Container crm-rabbitmq  Waiting
 Container crm-redis  Healthy
 Container crm-rabbitmq  Healthy
 Container crm-redis  Healthy
 Container crm-redis  Healthy
 Container crm-redis  Healthy
 Container crm-redis  Healthy
 Container crm-postgres  Healthy
 Container crm-documents  Starting
 Container crm-postgres  Healthy
 Container crm-postgres  Healthy
 Container crm-tasks  Starting
 Container crm-postgres  Healthy
 Container crm-postgres  Healthy
 Container crm-rabbitmq  Healthy
 Container crm-notifications  Starting
 Container crm-rabbitmq  Healthy
 Container crm-crm  Starting
 Container crm-tasks  Started
 Container crm-notifications  Started
 Container crm-documents  Started
 Container crm-crm  Started
 Container crm-auth  Waiting
 Container crm-notifications  Waiting
 Container crm-redis  Waiting
 Container crm-consul  Waiting
 Container crm-crm  Waiting
 Container crm-notifications  Error
 Container crm-consul  Healthy
 Container crm-crm  Error
 Container crm-redis  Healthy
 Container crm-auth  Error
dependency failed to start: container crm-notifications is unhealthy
