 Container crm-rabbitmq  Running
 Container crm-consul  Running
 Container crm-postgres  Running
 Container crm-redis  Running
 Container crm-documents  Creating
 Container crm-notifications  Creating
 Container crm-crm  Creating
 Container crm-auth  Creating
 Container crm-tasks  Creating
 Container crm-crm  Created
 Container crm-documents  Created
 Container crm-tasks  Created
 Container crm-auth  Created
 Container crm-notifications  Created
 Container crm-gateway  Creating
 Container crm-gateway  Created
 Container crm-redis  Waiting
 Container crm-postgres  Waiting
 Container crm-rabbitmq  Waiting
 Container crm-postgres  Waiting
 Container crm-redis  Waiting
 Container crm-postgres  Waiting
 Container crm-redis  Waiting
 Container crm-postgres  Waiting
 Container crm-rabbitmq  Waiting
 Container crm-redis  Waiting
 Container crm-postgres  Waiting
 Container crm-redis  Waiting
 Container crm-rabbitmq  Waiting
 Container crm-redis  Healthy
 Container crm-rabbitmq  Healthy
 Container crm-redis  Healthy
 Container crm-postgres  Healthy
 Container crm-postgres  Healthy
 Container crm-postgres  Healthy
 Container crm-redis  Healthy
 Container crm-tasks  Starting
 Container crm-redis  Healthy
 Container crm-rabbitmq  Healthy
 Container crm-auth  Starting
 Container crm-crm  Starting
 Container crm-rabbitmq  Healthy
 Container crm-postgres  Healthy
 Container crm-postgres  Healthy
 Container crm-notifications  Starting
 Container crm-redis  Healthy
 Container crm-documents  Starting
 Container crm-auth  Started
 Container crm-tasks  Started
 Container crm-notifications  Started
 Container crm-documents  Started
 Container crm-crm  Started
 Container crm-crm  Waiting
 Container crm-auth  Waiting
 Container crm-notifications  Waiting
 Container crm-redis  Waiting
 Container crm-consul  Waiting
 Container crm-redis  Healthy
 Container crm-consul  Healthy
 Container crm-auth  Healthy
 Container crm-notifications  Error
 Container crm-crm  Healthy
dependency failed to start: container crm-notifications is unhealthy
