 Network infra_infra  Creating
 Network infra_infra  Created
 Container crm-redis  Creating
 Container crm-rabbitmq  Creating
 Container crm-consul  Creating
 Container crm-postgres  Creating
 Container crm-rabbitmq  Created
 Container crm-postgres  Created
 Container crm-pgadmin  Creating
 Container crm-backup  Creating
 Container crm-redis  Created
 Container crm-consul  Created
 Container crm-pgadmin  Created
 Container crm-backup  Created
 Container crm-rabbitmq  Starting
 Container crm-consul  Starting
 Container crm-postgres  Starting
 Container crm-redis  Starting
 Container crm-consul  Started
 Container crm-redis  Started
 Container crm-rabbitmq  Started
Error response from daemon: failed to set up container networking: driver failed programming external connectivity on endpoint crm-postgres (aa831d25b4606962028d9a327d65c4f606e1859ffeff70e2d94c68c8a5ca031f): Bind for 0.0.0.0:5432 failed: port is already allocated
