Starting a Gradle Daemon (subsequent builds will be faster)
Directory 'C:\Dev\CRM_2.0\backend\auth\usr\lib\jvm\java-17-openjdk-amd64' (Gradle property 'org.gradle.java.installations.paths') used for java installations does not exist

[Incubating] Problems report is available at: file:///C:/Dev/CRM_2.0/backend/auth/build/reports/problems/problems-report.html

FAILURE: Build completed with 2 failures.

1: Task failed with an exception.
-----------
* What went wrong:
A problem occurred configuring root project 'auth-service'.
> Failed to calculate the value of task ':compileJava' property 'javaCompiler'.
   > Cannot find a Java installation on your machine (Windows 11 10.0 amd64) matching: {languageVersion=17, vendor=any vendor, implementation=vendor-specific, nativeImageCapable=false}. Toolchain download repositories have not been configured.

* Try:
> Learn more about toolchain auto-detection and auto-provisioning at https://docs.gradle.org/8.14.3/userguide/toolchains.html#sec:auto_detection.
> Learn more about toolchain repositories at https://docs.gradle.org/8.14.3/userguide/toolchains.html#sub:download_repositories.
> Run with --stacktrace option to get the stack trace.
> Run with --info or --debug option to get more log output.
> Run with --scan to get full insights.
> Get more help at https://help.gradle.org.
==============================================================================

2: Task failed with an exception.
-----------
* What went wrong:
Failed to query the value of property 'buildFlowServiceProperty'.
> Could not isolate value org.jetbrains.kotlin.gradle.plugin.statistics.BuildFlowService$Parameters_Decorated@40465b52 of type BuildFlowService.Parameters
   > A problem occurred configuring root project 'auth-service'.
      > Failed to calculate the value of task ':compileJava' property 'javaCompiler'.
         > Cannot find a Java installation on your machine (Windows 11 10.0 amd64) matching: {languageVersion=17, vendor=any vendor, implementation=vendor-specific, nativeImageCapable=false}. Toolchain download repositories have not been configured.

* Try:
> Learn more about toolchain auto-detection and auto-provisioning at https://docs.gradle.org/8.14.3/userguide/toolchains.html#sec:auto_detection.
> Learn more about toolchain repositories at https://docs.gradle.org/8.14.3/userguide/toolchains.html#sub:download_repositories.
> Run with --stacktrace option to get the stack trace.
> Run with --info or --debug option to get more log output.
> Run with --scan to get full insights.
> Get more help at https://help.gradle.org.
==============================================================================

Deprecated Gradle features were used in this build, making it incompatible with Gradle 9.0.

You can use '--warning-mode all' to show the individual deprecation warnings and determine if they come from your own scripts or plugins.

For more on this, please refer to https://docs.gradle.org/8.14.3/userguide/command_line_interface.html#sec:command_line_warnings in the Gradle documentation.

BUILD FAILED in 27s
