 Container crm-consul  Creating
 Container crm-postgres  Creating
 Container crm-redis  Creating
 Container crm-rabbitmq  Running
 Container crm-redis  Created
 Container crm-consul  Created
 Container crm-postgres  Created
 Container crm-backup  Creating
 Container crm-pgadmin  Creating
 Container crm-backup  Created
 Container crm-pgadmin  Created
 Container crm-consul  Starting
 Container crm-redis  Starting
 Container crm-postgres  Starting
 Container crm-postgres  Started
 Container crm-postgres  Waiting
 Container crm-rabbitmq  Waiting
 Container crm-postgres  Waiting
 Container crm-redis  Started
 Container crm-consul  Started
 Container crm-rabbitmq  Error
 Container crm-postgres  Healthy
 Container crm-pgadmin  Starting
 Container crm-postgres  Healthy
 Container crm-pgadmin  Started
dependency failed to start: container crm-rabbitmq exited (137)
