 Container crm-redis  Running
 Container crm-rabbitmq  Creating
 Container crm-postgres  Running
 Container crm-documents  Creating
 Container crm-auth  Creating
 Container crm-consul  Running
 Container crm-rabbitmq  Created
 Container crm-tasks  Creating
 Container crm-notifications  Creating
 Container crm-crm  Creating
 Container crm-auth  Created
 Container crm-documents  Created
 Container crm-crm  Created
 Container crm-tasks  Created
 Container crm-notifications  Created
 Container crm-gateway  Creating
 Container crm-gateway  Created
 Container crm-rabbitmq  Starting
 Container crm-redis  Waiting
 Container crm-postgres  Waiting
 Container crm-postgres  Waiting
 Container crm-redis  Waiting
 Container crm-redis  Healthy
 Container crm-postgres  Healthy
 Container crm-postgres  Healthy
 Container crm-documents  Starting
 Container crm-redis  Healthy
 Container crm-auth  Starting
 Container crm-rabbitmq  Started
 Container crm-postgres  Waiting
 Container crm-redis  Waiting
 Container crm-rabbitmq  Waiting
 Container crm-postgres  Waiting
 Container crm-redis  Waiting
 Container crm-rabbitmq  Waiting
 Container crm-rabbitmq  Waiting
 Container crm-postgres  Waiting
 Container crm-redis  Waiting
 Container crm-postgres  Healthy
 Container crm-redis  Healthy
 Container crm-postgres  Healthy
 Container crm-postgres  Healthy
 Container crm-redis  Healthy
 Container crm-redis  Healthy
 Container crm-documents  Started
 Container crm-auth  Started
 Container crm-rabbitmq  Error
 Container crm-rabbitmq  Error
 Container crm-rabbitmq  Error
dependency failed to start: container crm-rabbitmq is unhealthy
