time="2025-10-16T22:04:33+03:00" level=warning msg="The \"BACKUP_S3_BUCKET\" variable is not set. Defaulting to a blank string."
time="2025-10-16T22:04:33+03:00" level=warning msg="The \"BACKUP_S3_ACCESS_KEY\" variable is not set. Defaulting to a blank string."
time="2025-10-16T22:04:33+03:00" level=warning msg="The \"BACKUP_S3_SECRET_KEY\" variable is not set. Defaulting to a blank string."
 Network infra_infra  Creating
 Network infra_infra  Created
 Container crm-rabbitmq  Creating
 Container crm-postgres  Creating
 Container crm-redis  Creating
 Container crm-consul  Creating
 Container crm-redis  Created
 Container crm-rabbitmq  Created
 Container crm-consul  Created
 Container crm-postgres  Created
 Container crm-backup  Creating
 Container crm-pgadmin  Creating
 Container crm-backup  Created
 Container crm-pgadmin  Created
 Container crm-rabbitmq  Starting
 Container crm-consul  Starting
 Container crm-redis  Starting
 Container crm-postgres  Starting
 Container crm-redis  Started
 Container crm-rabbitmq  Started
 Container crm-consul  Started
 Container crm-postgres  Started
 Container crm-postgres  Waiting
 Container crm-rabbitmq  Waiting
 Container crm-postgres  Waiting
 Container crm-postgres  Healthy
 Container crm-pgadmin  Starting
 Container crm-postgres  Healthy
 Container crm-pgadmin  Started
 Container crm-rabbitmq  Healthy
 Container crm-backup  Starting
 Container crm-backup  Started
